<?xml version="1.0" encoding="UTF-8"?>
<!-- Generated by org.testng.reporters.JUnitXMLReporter -->
<testsuite ignored="7" hostname="LAPTOP-P84L2RAB" failures="0" tests="1" name="Default test" time="0.038" errors="0" timestamp="2022-09-08T07:25:23 IST">
  <testcase classname="calculator_testcases.CalculatorTest" name="numberBiggerThan1000" time="0.01"/>
  <testcase classname="calculator_testcases.CalculatorTest" name="throwingNegativeNumberErrors" time="0.0">
    <ignored/>
  </testcase> <!-- throwingNegativeNumberErrors -->
  <testcase classname="calculator_testcases.CalculatorTest" name="twoNumberAdditions" time="0.0">
    <ignored/>
  </testcase> <!-- twoNumberAdditions -->
  <testcase classname="calculator_testcases.CalculatorTest" name="throwingForMultipleNegativeNumberErrors" time="0.0">
    <ignored/>
  </testcase> <!-- throwingForMultipleNegativeNumberErrors -->
  <testcase classname="calculator_testcases.CalculatorTest" name="numberAlphabetsAdditions" time="0.0">
    <ignored/>
  </testcase> <!-- numberAlphabetsAdditions -->
  <testcase classname="calculator_testcases.CalculatorTest" name="multipleNumberAdditions" time="0.0">
    <ignored/>
  </testcase> <!-- multipleNumberAdditions -->
  <testcase classname="calculator_testcases.CalculatorTest" name="emptyStringChecker" time="0.0">
    <ignored/>
  </testcase> <!-- emptyStringChecker -->
  <testcase classname="calculator_testcases.CalculatorTest" name="oneNumberAdditions" time="0.0">
    <ignored/>
  </testcase> <!-- oneNumberAdditions -->
</testsuite> <!-- Default test -->
