<?xml version="1.0" encoding="UTF-8"?>
<!-- Generated by org.testng.reporters.JUnitXMLReporter -->
<testsuite ignored="1" hostname="LAPTOP-P84L2RAB" failures="0" tests="1" name="Default test" time="0.04" errors="0" timestamp="2022-09-08T03:09:46 IST">
  <testcase classname="calculator_testcases.CalculatorTest" name="numberAdditions" time="0.007"/>
  <testcase classname="calculator_testcases.CalculatorTest" name="emptyStringChecker" time="0.0">
    <ignored/>
  </testcase> <!-- emptyStringChecker -->
</testsuite> <!-- Default test -->
