<?xml version="1.0" encoding="UTF-8"?>
<testng-results ignored="1" total="2" passed="1" failed="0" skipped="0">
  <reporter-output>
  </reporter-output>
  <suite started-at="2022-09-08T03:09:46 IST" name="Default suite" finished-at="2022-09-08T03:09:46 IST" duration-ms="40">
    <groups>
    </groups>
    <test started-at="2022-09-08T03:09:46 IST" name="Default test" finished-at="2022-09-08T03:09:46 IST" duration-ms="40">
      <class name="calculator_testcases.CalculatorTest">
        <test-method signature="numberAdditions()[pri:0, instance:calculator_testcases.CalculatorTest@318ba8c8]" started-at="2022-09-08T03:09:46 IST" name="numberAdditions" description="Testing for the addition of multiple Numbers" finished-at="2022-09-08T03:09:46 IST" duration-ms="7" status="PASS">
          <reporter-output>
          </reporter-output>
        </test-method> <!-- numberAdditions -->
      </class> <!-- calculator_testcases.CalculatorTest -->
    </test> <!-- Default test -->
  </suite> <!-- Default suite -->
</testng-results>
