<?xml version="1.0" encoding="UTF-8"?>
<testng-results ignored="2" total="3" passed="1" failed="0" skipped="0">
  <reporter-output>
  </reporter-output>
  <suite started-at="2022-09-08T04:52:06 IST" name="Default suite" finished-at="2022-09-08T04:52:06 IST" duration-ms="36">
    <groups>
    </groups>
    <test started-at="2022-09-08T04:52:06 IST" name="Default test" finished-at="2022-09-08T04:52:06 IST" duration-ms="36">
      <class name="calculator_testcases.CalculatorTest">
        <test-method signature="numberAdditionsAplhabets()[pri:0, instance:calculator_testcases.CalculatorTest@419c5f1a]" started-at="2022-09-08T04:52:06 IST" name="numberAdditionsAplhabets" description="Testing for the addition of multiple Numbers" finished-at="2022-09-08T04:52:06 IST" duration-ms="10" status="PASS">
          <reporter-output>
          </reporter-output>
        </test-method> <!-- numberAdditionsAplhabets -->
      </class> <!-- calculator_testcases.CalculatorTest -->
    </test> <!-- Default test -->
  </suite> <!-- Default suite -->
</testng-results>
